This is pdfTeX, Version 3.1415926-2.3-1.40.12 (MiKTeX 2.9 64-bit) (preloaded format=pdflatex 2012.9.7)  20 DEC 2013 17:50
entering extended mode
**Nimit_cupper_thesis.tex

(C:\Users\nimit\Dropbox\Personal\Thesis\doc\gatech-thesis-1.8\Nimit_cupper_thes
is.tex
LaTeX2e <2011/06/27>
Babel <v3.8m> and hyphenation patterns for english, afrikaans, ancientgreek, ar
abic, armenian, assamese, basque, bengali, bokmal, bulgarian, catalan, coptic, 
croatian, czech, danish, dutch, esperanto, estonian, farsi, finnish, french, ga
lician, german, german-x-2009-06-19, greek, gujarati, hindi, hungarian, iceland
ic, indonesian, interlingua, irish, italian, kannada, kurmanji, lao, latin, lat
vian, lithuanian, malayalam, marathi, mongolian, mongolianlmc, monogreek, ngerm
an, ngerman-x-2009-06-19, nynorsk, oriya, panjabi, pinyin, polish, portuguese, 
romanian, russian, sanskrit, serbian, slovak, slovenian, spanish, swedish, swis
sgerman, tamil, telugu, turkish, turkmen, ukenglish, ukrainian, uppersorbian, u
senglishmax, welsh, loaded.

(C:\Users\nimit\Dropbox\Personal\Thesis\doc\gatech-thesis-1.8\gatech-thesis.cls
Document Class: gatech-thesis 2010/07/02 1.8 (Mitchel T. Keller)
("C:\Program Files\MiKTeX 2.9\tex\latex\tools\calc.sty"
Package: calc 2007/08/22 v4.3 Infix arithmetic (KKT,FJ)
\calc@Acount=\count79
\calc@Bcount=\count80
\calc@Adimen=\dimen102
\calc@Bdimen=\dimen103
\calc@Askip=\skip41
\calc@Bskip=\skip42
LaTeX Info: Redefining \setlength on input line 76.
LaTeX Info: Redefining \addtolength on input line 77.
\calc@Ccount=\count81
\calc@Cskip=\skip43
)
("C:\Program Files\MiKTeX 2.9\tex\latex\base\report.cls"
Document Class: report 2007/10/19 v1.4h Standard LaTeX document class
("C:\Program Files\MiKTeX 2.9\tex\latex\base\size12.clo"
File: size12.clo 2007/10/19 v1.4h Standard LaTeX file (size option)
)
\c@part=\count82
\c@chapter=\count83
\c@section=\count84
\c@subsection=\count85
\c@subsubsection=\count86
\c@paragraph=\count87
\c@subparagraph=\count88
\c@figure=\count89
\c@table=\count90
\abovecaptionskip=\skip44
\belowcaptionskip=\skip45
\bibindent=\dimen104
)
\signature@width=\skip46
\c@signatures=\count91
\c@cnt@Lsig=\count92
\c@cnt@Rsig=\count93
\gt@tocentryskip@value=\skip47
\gt@beforepartskip@value=\skip48
\gt@beforechapskip@value=\skip49
\gt@beforesecskip@value=\skip50
\gt@beforesubsecskip@value=\skip51
\gt@beforesubsubsecskip@value=\skip52
\gt@beforeparaskip@value=\skip53
\gt@beforesubparaskip@value=\skip54
\gt@beforefigskip@value=\skip55
\gt@beforetableskip@value=\skip56
\gt@tmpa=\skip57
\c@part@savepagenum=\count94
\c@part@pagenum=\count95

(C:\Users\nimit\Dropbox\Personal\Thesis\doc\gatech-thesis-1.8\gatech-thesis-pat
ch.sty
File: gatech-thesis-patch.sty 2010/07/02 1.8 (Mitchel T. Keller)

gatech-thesis-patch loaded
)) ("C:\Program Files\MiKTeX 2.9\tex\latex\ams\math\amsmath.sty"
Package: amsmath 2000/07/18 v2.13 AMS math features
\@mathmargin=\skip58

For additional information on amsmath, use the `?' option.
("C:\Program Files\MiKTeX 2.9\tex\latex\ams\math\amstext.sty"
Package: amstext 2000/06/29 v2.01

("C:\Program Files\MiKTeX 2.9\tex\latex\ams\math\amsgen.sty"
File: amsgen.sty 1999/11/30 v2.0
\@emptytoks=\toks14
\ex@=\dimen105
))
("C:\Program Files\MiKTeX 2.9\tex\latex\ams\math\amsbsy.sty"
Package: amsbsy 1999/11/29 v1.2d
\pmbraise@=\dimen106
)
("C:\Program Files\MiKTeX 2.9\tex\latex\ams\math\amsopn.sty"
Package: amsopn 1999/12/14 v2.01 operator names
)
\inf@bad=\count96
LaTeX Info: Redefining \frac on input line 211.
\uproot@=\count97
\leftroot@=\count98
LaTeX Info: Redefining \overline on input line 307.
\classnum@=\count99
\DOTSCASE@=\count100
LaTeX Info: Redefining \ldots on input line 379.
LaTeX Info: Redefining \dots on input line 382.
LaTeX Info: Redefining \cdots on input line 467.
\Mathstrutbox@=\box26
\strutbox@=\box27
\big@size=\dimen107
LaTeX Font Info:    Redeclaring font encoding OML on input line 567.
LaTeX Font Info:    Redeclaring font encoding OMS on input line 568.
\macc@depth=\count101
\c@MaxMatrixCols=\count102
\dotsspace@=\muskip10
\c@parentequation=\count103
\dspbrk@lvl=\count104
\tag@help=\toks15
\row@=\count105
\column@=\count106
\maxfields@=\count107
\andhelp@=\toks16
\eqnshift@=\dimen108
\alignsep@=\dimen109
\tagshift@=\dimen110
\tagwidth@=\dimen111
\totwidth@=\dimen112
\lineht@=\dimen113
\@envbody=\toks17
\multlinegap=\skip59
\multlinetaggap=\skip60
\mathdisplay@stack=\toks18
LaTeX Info: Redefining \[ on input line 2666.
LaTeX Info: Redefining \] on input line 2667.
)
("C:\Program Files\MiKTeX 2.9\tex\latex\amsfonts\amssymb.sty"
Package: amssymb 2009/06/22 v3.00

("C:\Program Files\MiKTeX 2.9\tex\latex\amsfonts\amsfonts.sty"
Package: amsfonts 2009/06/22 v3.00 Basic AMSFonts support
\symAMSa=\mathgroup4
\symAMSb=\mathgroup5
LaTeX Font Info:    Overwriting math alphabet `\mathfrak' in version `bold'
(Font)                  U/euf/m/n --> U/euf/b/n on input line 96.
))
("C:\Program Files\MiKTeX 2.9\tex\latex\base\latexsym.sty"
Package: latexsym 1998/08/17 v2.2e Standard LaTeX package (lasy symbols)
\symlasy=\mathgroup6
LaTeX Font Info:    Overwriting symbol font `lasy' in version `bold'
(Font)                  U/lasy/m/n --> U/lasy/b/n on input line 47.
)
("C:\Program Files\MiKTeX 2.9\tex\latex\float\float.sty"
Package: float 2001/11/08 v1.3d Float enhancements (AL)
\c@float@type=\count108
\float@exts=\toks19
\float@box=\box28
\@float@everytoks=\toks20
\@floatcapt=\box29
)
("C:\Program Files\MiKTeX 2.9\tex\latex\graphics\epsfig.sty"
Package: epsfig 1999/02/16 v1.7a (e)psfig emulation (SPQR)

("C:\Program Files\MiKTeX 2.9\tex\latex\graphics\graphicx.sty"
Package: graphicx 1999/02/16 v1.0f Enhanced LaTeX Graphics (DPC,SPQR)

("C:\Program Files\MiKTeX 2.9\tex\latex\graphics\keyval.sty"
Package: keyval 1999/03/16 v1.13 key=value parser (DPC)
\KV@toks@=\toks21
)
("C:\Program Files\MiKTeX 2.9\tex\latex\graphics\graphics.sty"
Package: graphics 2009/02/05 v1.0o Standard LaTeX Graphics (DPC,SPQR)

("C:\Program Files\MiKTeX 2.9\tex\latex\graphics\trig.sty"
Package: trig 1999/03/16 v1.09 sin cos tan (DPC)
)
("C:\Program Files\MiKTeX 2.9\tex\latex\00miktex\graphics.cfg"
File: graphics.cfg 2007/01/18 v1.5 graphics configuration of teTeX/TeXLive
)
Package graphics Info: Driver file: pdftex.def on input line 91.

("C:\Program Files\MiKTeX 2.9\tex\latex\pdftex-def\pdftex.def"
File: pdftex.def 2011/05/27 v0.06d Graphics/color for pdfTeX

("C:\Program Files\MiKTeX 2.9\tex\generic\oberdiek\infwarerr.sty"
Package: infwarerr 2010/04/08 v1.3 Providing info/warning/message (HO)
)
("C:\Program Files\MiKTeX 2.9\tex\generic\oberdiek\ltxcmds.sty"
Package: ltxcmds 2011/04/18 v1.20 LaTeX kernel commands for general use (HO)
)
\Gread@gobject=\count109
))
\Gin@req@height=\dimen114
\Gin@req@width=\dimen115
)
\epsfxsize=\dimen116
\epsfysize=\dimen117
)
(C:\Users\nimit\AppData\Roaming\MiKTeX\2.9\tex\latex\subfigure\subfigure.sty
Package: subfigure 2002/07/30 v2.1.4 subfigure package
\subfigtopskip=\skip61
\subfigcapskip=\skip62
\subfigcaptopadj=\dimen118
\subfigbottomskip=\skip63
\subfigcapmargin=\dimen119
\subfiglabelskip=\skip64
\c@subfigure=\count110
\c@lofdepth=\count111
\c@subtable=\count112
\c@lotdepth=\count113

****************************************
* Local config file subfigure.cfg used *
****************************************
(C:\Users\nimit\AppData\Roaming\MiKTeX\2.9\tex\latex\subfigure\subfigure.cfg)
\subfig@top=\skip65
\subfig@bottom=\skip66
)
("C:\Program Files\MiKTeX 2.9\tex\latex\ltxmisc\url.sty"
\Urlmuskip=\muskip11
Package: url 2006/04/12  ver 3.3  Verb mode for urls, etc.
)
(C:\Users\nimit\Dropbox\Personal\Thesis\doc\gatech-thesis-1.8\Nimit_cupper_thes
is.aux)
LaTeX Font Info:    Checking defaults for OML/cmm/m/it on input line 56.
LaTeX Font Info:    ... okay on input line 56.
LaTeX Font Info:    Checking defaults for T1/cmr/m/n on input line 56.
LaTeX Font Info:    ... okay on input line 56.
LaTeX Font Info:    Checking defaults for OT1/cmr/m/n on input line 56.
LaTeX Font Info:    ... okay on input line 56.
LaTeX Font Info:    Checking defaults for OMS/cmsy/m/n on input line 56.
LaTeX Font Info:    ... okay on input line 56.
LaTeX Font Info:    Checking defaults for OMX/cmex/m/n on input line 56.
LaTeX Font Info:    ... okay on input line 56.
LaTeX Font Info:    Checking defaults for U/cmr/m/n on input line 56.
LaTeX Font Info:    ... okay on input line 56.

(C:\Users\nimit\AppData\Roaming\MiKTeX\2.9\tex\context\base\supp-pdf.mkii
[Loading MPS to PDF converter (version 2006.09.02).]
\scratchcounter=\count114
\scratchdimen=\dimen120
\scratchbox=\box30
\nofMPsegments=\count115
\nofMParguments=\count116
\everyMPshowfont=\toks22
\MPscratchCnt=\count117
\MPscratchDim=\dimen121
\MPnumerator=\count118
\makeMPintoPDFobject=\count119
\everyMPtoPDFconversion=\toks23
)
LaTeX Font Info:    Try loading font information for OMS+cmr on input line 59.
 ("C:\Program Files\MiKTeX 2.9\tex\latex\base\omscmr.fd"
File: omscmr.fd 1999/05/25 v2.5h Standard LaTeX font definitions
)
LaTeX Font Info:    Font shape `OMS/cmr/m/n' in size <12> not available
(Font)              Font shape `OMS/cmsy/m/n' tried instead on input line 59.

Underfull \hbox (badness 10000) has occurred while \output is active
 
 []


Underfull \hbox (badness 10000) has occurred while \output is active
 
 []

[1

{C:/Users/nimit/AppData/Local/MiKTeX/2.9/pdftex/config/pdftex.map}]
SIGNATURES: 3
LaTeX Font Info:    Try loading font information for U+msa on input line 59.
("C:\Program Files\MiKTeX 2.9\tex\latex\amsfonts\umsa.fd"
File: umsa.fd 2009/06/22 v3.00 AMS symbols A
)
LaTeX Font Info:    Try loading font information for U+msb on input line 59.

("C:\Program Files\MiKTeX 2.9\tex\latex\amsfonts\umsb.fd"
File: umsb.fd 2009/06/22 v3.00 AMS symbols B
)
LaTeX Font Info:    Try loading font information for U+lasy on input line 59.

("C:\Program Files\MiKTeX 2.9\tex\latex\base\ulasy.fd"
File: ulasy.fd 1998/08/17 v2.2e LaTeX symbol font definitions
)
***************** Dedication ******************

Underfull \hbox (badness 10000) has occurred while \output is active
 
 []


Underfull \hbox (badness 10000) has occurred while \output is active
 
 []

[2

]
***************** Preface ******************
[3


]
***************** Acknowledgements ******************
[4


]
(C:\Users\nimit\Dropbox\Personal\Thesis\doc\gatech-thesis-1.8\chapters/acknowle
dgements.tex) [5


]
(C:\Users\nimit\Dropbox\Personal\Thesis\doc\gatech-thesis-1.8\Nimit_cupper_thes
is.toc [6


])
\tf@toc=\write3
 [7]
(C:\Users\nimit\Dropbox\Personal\Thesis\doc\gatech-thesis-1.8\Nimit_cupper_thes
is.lot)
\tf@lot=\write4
 [8


]
(C:\Users\nimit\Dropbox\Personal\Thesis\doc\gatech-thesis-1.8\Nimit_cupper_thes
is.lof)
\tf@lof=\write5
 [9


] [1]
(C:\Users\nimit\Dropbox\Personal\Thesis\doc\gatech-thesis-1.8\chapters/mychapte
r1.tex
CHAPTER I.
[2

] [3])
(C:\Users\nimit\Dropbox\Personal\Thesis\doc\gatech-thesis-1.8\chapters/mychapte
r2.tex [4]
CHAPTER II.
<myfigures/system_overview.pdf, id=48, 722.7pt x 542.025pt>
File: myfigures/system_overview.pdf Graphic file (type pdf)

<use myfigures/system_overview.pdf>
Package pdftex.def Info: myfigures/system_overview.pdf used on input line 15.
(pdftex.def)             Requested size: 433.62pt x 294.86403pt.
 [5

] [6 <C:/Users/nimit/Dropbox/Personal/Thesis/doc/gatech-thesis-1.8/myfigures/sy
stem_overview.pdf>] [7]
LaTeX Font Info:    Try loading font information for OML+cmr on input line 27.

("C:\Program Files\MiKTeX 2.9\tex\latex\base\omlcmr.fd"
File: omlcmr.fd 1999/05/25 v2.5h Standard LaTeX font definitions
)
LaTeX Font Info:    Font shape `OML/cmr/m/n' in size <12> not available
(Font)              Font shape `OML/cmm/m/it' tried instead on input line 27.

<myfigures/chdl_simple_example.pdf, id=147, 722.7pt x 542.025pt>
File: myfigures/chdl_simple_example.pdf Graphic file (type pdf)

<use myfigures/chdl_simple_example.pdf>
Package pdftex.def Info: myfigures/chdl_simple_example.pdf used on input line 3
3.
(pdftex.def)             Requested size: 375.80377pt x 161.59679pt.

<myfigures/chdl_alu_example.pdf, id=149, 722.7pt x 542.025pt>
File: myfigures/chdl_alu_example.pdf Graphic file (type pdf)

<use myfigures/chdl_alu_example.pdf>
Package pdftex.def Info: myfigures/chdl_alu_example.pdf used on input line 38.
(pdftex.def)             Requested size: 375.80377pt x 248.0323pt.
 [8 <C:/Users/nimit/Dropbox/Personal/Thesis/doc/gatech-thesis-1.8/myfigures/chd
l_simple_example.pdf>]
<myfigures/fpga_board.png, id=204, 429.85594pt x 324.46219pt>
File: myfigures/fpga_board.png Graphic file (type png)

<use myfigures/fpga_board.png>
Package pdftex.def Info: myfigures/fpga_board.png used on input line 46.
(pdftex.def)             Requested size: 361.34999pt x 272.75925pt.
)
(C:\Users\nimit\Dropbox\Personal\Thesis\doc\gatech-thesis-1.8\chapters/mychapte
r3.tex [9 <C:/Users/nimit/Dropbox/Personal/Thesis/doc/gatech-thesis-1.8/myfigur
es/chdl_alu_example.pdf>] [10 <C:/Users/nimit/Dropbox/Personal/Thesis/doc/gatec
h-thesis-1.8/myfigures/fpga_board.png>]
CHAPTER III.
[11

] <myfigures/harmonica_chad.pdf, id=250, 636.3775pt x 329.23pt>
File: myfigures/harmonica_chad.pdf Graphic file (type pdf)

<use myfigures/harmonica_chad.pdf>
Package pdftex.def Info: myfigures/harmonica_chad.pdf used on input line 60.
(pdftex.def)             Requested size: 433.62pt x 224.33058pt.
 [12] [13 <C:/Users/nimit/Dropbox/Personal/Thesis/doc/gatech-thesis-1.8/myfigur
es/harmonica_chad.pdf>]
<myfigures/mmu.pdf, id=270, 722.7pt x 542.025pt>
File: myfigures/mmu.pdf Graphic file (type pdf)
 <use myfigures/mmu.pdf>
Package pdftex.def Info: myfigures/mmu.pdf used on input line 75.
(pdftex.def)             Requested size: 361.34999pt x 180.67456pt.

[14] [15 <C:/Users/nimit/Dropbox/Personal/Thesis/doc/gatech-thesis-1.8/myfigure
s/mmu.pdf>] <myfigures/mmu2.pdf, id=359, 722.7pt x 542.025pt>
File: myfigures/mmu2.pdf Graphic file (type pdf)

<use myfigures/mmu2.pdf>
Package pdftex.def Info: myfigures/mmu2.pdf used on input line 92.
(pdftex.def)             Requested size: 433.62pt x 216.81168pt.
 [16 <C:/Users/nimit/Dropbox/Personal/Thesis/doc/gatech-thesis-1.8/myfigures/mm
u2.pdf>]
<myfigures/cache_block.pdf, id=434, 722.7pt x 542.025pt>
File: myfigures/cache_block.pdf Graphic file (type pdf)

<use myfigures/cache_block.pdf>
Package pdftex.def Info: myfigures/cache_block.pdf used on input line 109.
(pdftex.def)             Requested size: 325.215pt x 162.606pt.
 [17]
<myfigures/cache_microarch.pdf, id=439, 722.7pt x 542.025pt>
File: myfigures/cache_microarch.pdf Graphic file (type pdf)

<use myfigures/cache_microarch.pdf>
Package pdftex.def Info: myfigures/cache_microarch.pdf used on input line 113.
(pdftex.def)             Requested size: 397.48499pt x 282.21548pt.
 [18 <C:/Users/nimit/Dropbox/Personal/Thesis/doc/gatech-thesis-1.8/myfigures/ca
che_block.pdf>] [19 <C:/Users/nimit/Dropbox/Personal/Thesis/doc/gatech-thesis-1
.8/myfigures/cache_microarch.pdf>] [20]
<myfigures/ddr_block.pdf, id=602, 722.7pt x 542.025pt>
File: myfigures/ddr_block.pdf Graphic file (type pdf)

<use myfigures/ddr_block.pdf>
Package pdftex.def Info: myfigures/ddr_block.pdf used on input line 135.
(pdftex.def)             Requested size: 361.34999pt x 271.01183pt.
 [21]
<myfigures/ddr_wave.pdf, id=607, 722.7pt x 542.025pt>
File: myfigures/ddr_wave.pdf Graphic file (type pdf)

<use myfigures/ddr_wave.pdf>
Package pdftex.def Info: myfigures/ddr_wave.pdf used on input line 140.
(pdftex.def)             Requested size: 433.62pt x 281.85518pt.
 [22 <C:/Users/nimit/Dropbox/Personal/Thesis/doc/gatech-thesis-1.8/myfigures/dd
r_block.pdf>]
<myfigures/full_system.pdf, id=734, 722.7pt x 542.025pt>
File: myfigures/full_system.pdf Graphic file (type pdf)

<use myfigures/full_system.pdf>
Package pdftex.def Info: myfigures/full_system.pdf used on input line 148.
(pdftex.def)             Requested size: 368.57744pt x 265.37181pt.
 [23 <C:/Users/nimit/Dropbox/Personal/Thesis/doc/gatech-thesis-1.8/myfigures/dd
r_wave.pdf>] [24 <C:/Users/nimit/Dropbox/Personal/Thesis/doc/gatech-thesis-1.8/
myfigures/full_system.pdf>] [25]
<myfigures/biglittle.pdf, id=949, 722.7pt x 542.025pt>
File: myfigures/biglittle.pdf Graphic file (type pdf)

<use myfigures/biglittle.pdf>
Package pdftex.def Info: myfigures/biglittle.pdf used on input line 157.
(pdftex.def)             Requested size: 361.34999pt x 162.6071pt.
)
(C:\Users\nimit\Dropbox\Personal\Thesis\doc\gatech-thesis-1.8\chapters/mychapte
r4.tex [26 <C:/Users/nimit/Dropbox/Personal/Thesis/doc/gatech-thesis-1.8/myfigu
res/biglittle.pdf>]
CHAPTER IV.
[27

]
Underfull \hbox (badness 10000) in paragraph at lines 40--41

 []


Overfull \hbox (4.7483pt too wide) in paragraph at lines 47--57
 [][] 
 []


Underfull \hbox (badness 10000) in paragraph at lines 117--119

 []

[28] [29]
Overfull \hbox (38.97989pt too wide) in paragraph at lines 127--136
 [][] 
 []

[30] [31]
Overfull \hbox (26.6856pt too wide) in paragraph at lines 170--184
 [][] 
 []


Overfull \hbox (40.91869pt too wide) in paragraph at lines 191--204
 [][] 
 []

)
(C:\Users\nimit\Dropbox\Personal\Thesis\doc\gatech-thesis-1.8\chapters/mychapte
r5.tex [32]
CHAPTER V.
[33

]) [34]
***************** References ******************
[35]
(C:\Users\nimit\Dropbox\Personal\Thesis\doc\gatech-thesis-1.8\Nimit_cupper_thes
is.bbl
Underfull \hbox (badness 4291) in paragraph at lines 57--62
[]\OT1/cmr/m/sc/12 Hybrid Mem-ory Cube Con-sor-tium\OT1/cmr/m/n/12 , ``Hy-brid 
mem-ory cube spec-
 []


Underfull \hbox (badness 5893) in paragraph at lines 57--62
\OT1/cmr/m/n/12 i-fi-ca-tion 1.0.'' $\OT1/cmtt/m/n/12 http : / / hybridmemorycu
be . org / files / SiteDownloads / HMC _
 []

[36


]) [37]
(C:\Users\nimit\Dropbox\Personal\Thesis\doc\gatech-thesis-1.8\Nimit_cupper_thes
is.aux) ) 
Here is how much of TeX's memory you used:
 2953 strings out of 494045
 40624 string characters out of 3148388
 99767 words of memory out of 3000000
 6163 multiletter control sequences out of 15000+200000
 11038 words of font info for 43 fonts, out of 3000000 for 9000
 715 hyphenation exceptions out of 8191
 34i,9n,26p,1615b,318s stack positions out of 5000i,500n,10000p,200000b,50000s
<C:/Program Files/MiKTeX 2.9/fonts/type1/public/amsfonts/cm/cmbx12.pfb
><C:/Program Files/MiKTeX 2.9/fonts/type1/public/amsfonts/cm/cmbxti10.pfb><C:/P
rogram Files/MiKTeX 2.9/fonts/type1/public/amsfonts/cm/cmcsc10.pfb><C:/Program 
Files/MiKTeX 2.9/fonts/type1/public/amsfonts/cm/cmmi12.pfb><C:/Program Files/Mi
KTeX 2.9/fonts/type1/public/amsfonts/cm/cmr12.pfb><C:/Program Files/MiKTeX 2.9/
fonts/type1/public/amsfonts/cm/cmsy10.pfb><C:/Program Files/MiKTeX 2.9/fonts/ty
pe1/public/amsfonts/cm/cmti12.pfb><C:/Program Files/MiKTeX 2.9/fonts/type1/publ
ic/amsfonts/cm/cmtt12.pfb>
Output written on Nimit_cupper_thesis.pdf (46 pages, 2791088 bytes).
PDF statistics:
 1164 PDF objects out of 1200 (max. 8388607)
 0 named destinations out of 1000 (max. 500000)
 144 words of extra memory for PDF output out of 10000 (max. 10000000)

